2024-10-22 19:29:07 DEBUG [main] Ejercicio4.Services.PedidosService -
				Creando nuevo pedido...
2024-10-22 19:29:08 DEBUG [main] o.m.jdbc.message.server.OkPacket -
				System variable change:  autocommit = ON
2024-10-22 19:29:08 DEBUG [main] o.m.jdbc.message.server.OkPacket -
				System variable change:  time_zone = SYSTEM
2024-10-22 19:29:08 DEBUG [main] o.m.jdbc.message.server.OkPacket -
				System variable change:  character_set_client = latin1
2024-10-22 19:29:08 DEBUG [main] o.m.jdbc.message.server.OkPacket -
				System variable change:  character_set_connection = latin1
2024-10-22 19:29:08 DEBUG [main] o.m.jdbc.message.server.OkPacket -
				System variable change:  character_set_results = latin1
2024-10-22 19:29:08 DEBUG [main] o.m.jdbc.message.server.OkPacket -
				System variable change:  redirect_url = 
2024-10-22 19:29:08 DEBUG [main] o.m.jdbc.message.server.OkPacket -
				Database change: is 'pedidos'
2024-10-22 19:29:08 DEBUG [main] o.m.jdbc.client.impl.StandardClient -
				execute query: set sql_mode=CONCAT(@@sql_mode,',STRICT_TRANS_TABLES'),session_track_system_variables = CONCAT(@@global.session_track_system_variables,',transaction_isolation'),NAMES utf8mb4
2024-10-22 19:29:08 DEBUG [main] o.m.jdbc.message.server.OkPacket -
				System variable change:  character_set_client = utf8mb4
2024-10-22 19:29:08 DEBUG [main] o.m.jdbc.message.server.OkPacket -
				System variable change:  character_set_connection = utf8mb4
2024-10-22 19:29:08 DEBUG [main] o.m.jdbc.message.server.OkPacket -
				System variable change:  character_set_results = utf8mb4
2024-10-22 19:29:08 DEBUG [main] Ejercicio4.Services.PedidosService -
				Insertando..
2024-10-22 19:29:08 DEBUG [main] o.m.jdbc.client.impl.StandardClient -
				execute query: set autocommit=0
2024-10-22 19:29:08 DEBUG [main] o.m.jdbc.message.server.OkPacket -
				System variable change:  autocommit = OFF
2024-10-22 19:29:08 DEBUG [main] o.m.jdbc.client.impl.StandardClient -
				execute query: INSERT INTO pedidos (fecha_pedido,fecha_entrega,cliente) VALUES (?,?,?);
2024-10-22 19:29:08 DEBUG [main] Ejercicio4.Services.PedidosService -
				Insertando lineas de pedido
2024-10-22 19:29:08 DEBUG [main] o.m.jdbc.client.impl.StandardClient -
				execute query: INSERT INTO pedidos_lineas (id_pedido,numero_linea,articulo,precio) VALUES (?,?,?,?);
2024-10-22 19:29:08 DEBUG [main] o.m.jdbc.client.impl.StandardClient -
				execute query: INSERT INTO pedidos_lineas (id_pedido,numero_linea,articulo,precio) VALUES (?,?,?,?);
2024-10-22 19:29:08 DEBUG [main] o.m.jdbc.client.impl.StandardClient -
				execute query: INSERT INTO pedidos_lineas (id_pedido,numero_linea,articulo,precio) VALUES (?,?,?,?);
2024-10-22 19:29:08 DEBUG [main] o.m.jdbc.client.impl.StandardClient -
				execute query: INSERT INTO pedidos (fecha_pedido,fecha_entrega,cliente) VALUES (?,?,?);
2024-10-22 19:29:08 DEBUG [main] o.m.jdbc.client.impl.StandardClient -
				execute query: COMMIT
2024-10-22 19:29:08 DEBUG [main] o.m.jdbc.message.server.OkPacket -
				System variable change:  autocommit = ON
2024-10-22 19:29:08 DEBUG [main] o.m.jdbc.message.server.OkPacket -
				System variable change:  time_zone = SYSTEM
2024-10-22 19:29:08 DEBUG [main] o.m.jdbc.message.server.OkPacket -
				System variable change:  character_set_client = latin1
2024-10-22 19:29:08 DEBUG [main] o.m.jdbc.message.server.OkPacket -
				System variable change:  character_set_connection = latin1
2024-10-22 19:29:08 DEBUG [main] o.m.jdbc.message.server.OkPacket -
				System variable change:  character_set_results = latin1
2024-10-22 19:29:08 DEBUG [main] o.m.jdbc.message.server.OkPacket -
				System variable change:  redirect_url = 
2024-10-22 19:29:08 DEBUG [main] o.m.jdbc.message.server.OkPacket -
				Database change: is 'pedidos'
2024-10-22 19:29:08 DEBUG [main] o.m.jdbc.client.impl.StandardClient -
				execute query: set sql_mode=CONCAT(@@sql_mode,',STRICT_TRANS_TABLES'),session_track_system_variables = CONCAT(@@global.session_track_system_variables,',transaction_isolation'),NAMES utf8mb4
2024-10-22 19:29:08 DEBUG [main] o.m.jdbc.message.server.OkPacket -
				System variable change:  character_set_client = utf8mb4
2024-10-22 19:29:08 DEBUG [main] o.m.jdbc.message.server.OkPacket -
				System variable change:  character_set_connection = utf8mb4
2024-10-22 19:29:08 DEBUG [main] o.m.jdbc.message.server.OkPacket -
				System variable change:  character_set_results = utf8mb4
2024-10-22 19:29:08 DEBUG [main] o.m.jdbc.client.impl.StandardClient -
				execute query: SELECT * FROM pedidos WHERE id_pedido = 54
2024-10-22 19:29:08 DEBUG [main] o.m.jdbc.client.impl.StandardClient -
				execute query: SELECT * FROM pedidos_lineas WHERE id_pedido = 54
