2024-11-16 13:18:04 INFO  [main] c.d.a.e.x.e.s.Ejercicio12ImplDom -
				Creando el documento xml
2024-11-16 13:18:04 ERROR [main] c.d.a.e.x.e.s.Ejercicio12ImplDom -
				Error en la resolución del XML
javax.xml.transform.TransformerException: java.io.FileNotFoundException: C:\Users\jmcor\OneDrive\Escritorio\Mis-proyectos\AccesoDatos-DesarrolloInterfaces (Acceso denegado)
	at java.xml/com.sun.org.apache.xalan.internal.xsltc.trax.TransformerImpl.getOutputHandler(TransformerImpl.java:519)
	at java.xml/com.sun.org.apache.xalan.internal.xsltc.trax.TransformerImpl.transform(TransformerImpl.java:378)
	at ceu.dam.ad.ejerciciosTema3.xml.ejercicio12.services.Ejercicio12ImplDom.exportXML(Ejercicio12ImplDom.java:93)
	at ceu.dam.ad.ejerciciosTema3.xml.ejercicio12.test.App.main(App.java:16)
Caused by: java.io.FileNotFoundException: C:\Users\jmcor\OneDrive\Escritorio\Mis-proyectos\AccesoDatos-DesarrolloInterfaces (Acceso denegado)
	at java.base/java.io.FileOutputStream.open0(Native Method)
	at java.base/java.io.FileOutputStream.open(FileOutputStream.java:289)
	at java.base/java.io.FileOutputStream.<init>(FileOutputStream.java:230)
	at java.base/java.io.FileOutputStream.<init>(FileOutputStream.java:179)
	at java.xml/com.sun.org.apache.xalan.internal.xsltc.trax.TransformerImpl.getOutputHandler(TransformerImpl.java:514)
	... 3 common frames omitted
2024-11-16 13:18:41 INFO  [main] c.d.a.e.x.e.s.Ejercicio12ImplDom -
				Creando el documento xml
2024-11-16 13:18:41 ERROR [main] c.d.a.e.x.e.s.Ejercicio12ImplDom -
				Error en la resolución del XML
javax.xml.transform.TransformerException: java.io.FileNotFoundException: C:\Users\jmcor\OneDrive\Escritorio\Mis-proyectos\AccesoDatos-DesarrolloInterfaces (Acceso denegado)
	at java.xml/com.sun.org.apache.xalan.internal.xsltc.trax.TransformerImpl.getOutputHandler(TransformerImpl.java:519)
	at java.xml/com.sun.org.apache.xalan.internal.xsltc.trax.TransformerImpl.transform(TransformerImpl.java:378)
	at ceu.dam.ad.ejerciciosTema3.xml.ejercicio12.services.Ejercicio12ImplDom.exportXML(Ejercicio12ImplDom.java:93)
	at ceu.dam.ad.ejerciciosTema3.xml.ejercicio12.test.App.main(App.java:16)
Caused by: java.io.FileNotFoundException: C:\Users\jmcor\OneDrive\Escritorio\Mis-proyectos\AccesoDatos-DesarrolloInterfaces (Acceso denegado)
	at java.base/java.io.FileOutputStream.open0(Native Method)
	at java.base/java.io.FileOutputStream.open(FileOutputStream.java:289)
	at java.base/java.io.FileOutputStream.<init>(FileOutputStream.java:230)
	at java.base/java.io.FileOutputStream.<init>(FileOutputStream.java:179)
	at java.xml/com.sun.org.apache.xalan.internal.xsltc.trax.TransformerImpl.getOutputHandler(TransformerImpl.java:514)
	... 3 common frames omitted
2024-11-16 13:19:51 INFO  [main] c.d.a.e.x.e.s.Ejercicio12ImplDom -
				Creando el documento xml
2024-11-16 13:20:54 INFO  [main] c.d.a.e.x.e.s.Ejercicio12ImplDom -
				Creando el documento xml
2024-11-16 13:22:04 INFO  [main] c.d.a.e.x.e.s.Ejercicio12ImplDom -
				Creando el documento xml
2024-11-16 13:23:23 INFO  [main] c.d.a.e.x.e.s.Ejercicio12ImplDom -
				Creando el documento xml
2024-11-16 13:26:59 INFO  [main] c.d.a.e.x.e.s.Ejercicio12ImplDom -
				Creando el documento xml
2024-11-16 13:35:08 INFO  [main] c.d.a.e.x.e.s.Ejercicio12ImplDom -
				Creando el documento xml
2024-11-16 13:35:58 INFO  [main] c.d.a.e.x.e.s.Ejercicio12ImplDom -
				Creando el documento xml
2024-11-16 13:37:14 INFO  [main] c.d.a.e.x.e.s.Ejercicio12ImplDom -
				Creando el documento xml
2024-11-16 14:38:18 INFO  [main] c.d.a.e.x.e.s.Ejercicio12ImplDom -
				Creando el documento xml
2024-11-16 17:34:06 INFO  [main] c.d.a.e.x.e.s.Ejercicio12ImplDom -
				Creando el documento xml
