2024-11-05 15:17:18 DEBUG [AWT-EventQueue-0] e.e.service.UserServiceImpl - Creando nuevo usuario: User(id=null, username=cexdw, email=wxwew, password=wxwwex, createdDate=null, lastLoginDate=null)
2024-11-05 15:17:19 DEBUG [AWT-EventQueue-0] e.e.service.UserServiceImpl - Usuario creado con éxito con id 6
2024-11-05 15:18:52 DEBUG [AWT-EventQueue-0] e.e.service.UserServiceImpl - Creando nuevo usuario: User(id=null, username=hola, email=hola, password=hola, createdDate=null, lastLoginDate=null)
2024-11-05 15:18:52 DEBUG [AWT-EventQueue-0] e.e.service.UserServiceImpl - Usuario creado con éxito con id 7
2024-11-05 15:19:40 DEBUG [AWT-EventQueue-0] e.e.service.UserServiceImpl - Creando nuevo usuario: User(id=null, username=hola, email=hola, password=hola, createdDate=null, lastLoginDate=null)
2024-11-05 15:19:40 DEBUG [AWT-EventQueue-0] e.e.service.UserServiceImpl - Usuario con email repetido
2024-11-05 15:19:40 ERROR [AWT-EventQueue-0] e.e.service.UserServiceImpl - Error en el registro
ejercicios.ejercicio05.service.DuplicateUserException: Ya existe usuario con el email indicado
	at ejercicios.ejercicio05.service.UserServiceImpl.createUser(UserServiceImpl.java:34)
	at AppControler.App.metodoRegistrar(App.java:116)
	at AppControler.RegisterView$1.actionPerformed(RegisterView.java:92)
	at java.desktop/javax.swing.AbstractButton.fireActionPerformed(AbstractButton.java:1972)
	at java.desktop/javax.swing.AbstractButton$Handler.actionPerformed(AbstractButton.java:2314)
	at java.desktop/javax.swing.DefaultButtonModel.fireActionPerformed(DefaultButtonModel.java:407)
	at java.desktop/javax.swing.DefaultButtonModel.setPressed(DefaultButtonModel.java:262)
	at java.desktop/javax.swing.plaf.basic.BasicButtonListener.mouseReleased(BasicButtonListener.java:279)
	at java.desktop/java.awt.Component.processMouseEvent(Component.java:6621)
	at java.desktop/javax.swing.JComponent.processMouseEvent(JComponent.java:3404)
	at java.desktop/java.awt.Component.processEvent(Component.java:6386)
	at java.desktop/java.awt.Container.processEvent(Container.java:2266)
	at java.desktop/java.awt.Component.dispatchEventImpl(Component.java:4996)
	at java.desktop/java.awt.Container.dispatchEventImpl(Container.java:2324)
	at java.desktop/java.awt.Component.dispatchEvent(Component.java:4828)
	at java.desktop/java.awt.LightweightDispatcher.retargetMouseEvent(Container.java:4948)
	at java.desktop/java.awt.LightweightDispatcher.processMouseEvent(Container.java:4575)
	at java.desktop/java.awt.LightweightDispatcher.dispatchEvent(Container.java:4516)
	at java.desktop/java.awt.Container.dispatchEventImpl(Container.java:2310)
	at java.desktop/java.awt.Window.dispatchEventImpl(Window.java:2780)
	at java.desktop/java.awt.Component.dispatchEvent(Component.java:4828)
	at java.desktop/java.awt.EventQueue.dispatchEventImpl(EventQueue.java:775)
	at java.desktop/java.awt.EventQueue$4.run(EventQueue.java:720)
	at java.desktop/java.awt.EventQueue$4.run(EventQueue.java:714)
	at java.base/java.security.AccessController.doPrivileged(AccessController.java:400)
	at java.base/java.security.ProtectionDomain$JavaSecurityAccessImpl.doIntersectionPrivilege(ProtectionDomain.java:87)
	at java.base/java.security.ProtectionDomain$JavaSecurityAccessImpl.doIntersectionPrivilege(ProtectionDomain.java:98)
	at java.desktop/java.awt.EventQueue$5.run(EventQueue.java:747)
	at java.desktop/java.awt.EventQueue$5.run(EventQueue.java:745)
	at java.base/java.security.AccessController.doPrivileged(AccessController.java:400)
	at java.base/java.security.ProtectionDomain$JavaSecurityAccessImpl.doIntersectionPrivilege(ProtectionDomain.java:87)
	at java.desktop/java.awt.EventQueue.dispatchEvent(EventQueue.java:744)
	at java.desktop/java.awt.EventDispatchThread.pumpOneEventForFilters(EventDispatchThread.java:203)
	at java.desktop/java.awt.EventDispatchThread.pumpEventsForFilter(EventDispatchThread.java:124)
	at java.desktop/java.awt.EventDispatchThread.pumpEventsForHierarchy(EventDispatchThread.java:113)
	at java.desktop/java.awt.EventDispatchThread.pumpEvents(EventDispatchThread.java:109)
	at java.desktop/java.awt.EventDispatchThread.pumpEvents(EventDispatchThread.java:101)
	at java.desktop/java.awt.EventDispatchThread.run(EventDispatchThread.java:90)
2024-11-05 15:20:09 DEBUG [AWT-EventQueue-0] e.e.service.UserServiceImpl - Creando nuevo usuario: User(id=null, username=HOLAA, email=HOLAA, password=HOLAA, createdDate=null, lastLoginDate=null)
2024-11-05 15:20:09 DEBUG [AWT-EventQueue-0] e.e.service.UserServiceImpl - Usuario creado con éxito con id 8
2024-11-05 15:22:14 DEBUG [AWT-EventQueue-0] e.e.service.UserServiceImpl - Creando nuevo usuario: User(id=null, username=suu, email=suu, password=suu, createdDate=null, lastLoginDate=null)
2024-11-05 15:22:14 DEBUG [AWT-EventQueue-0] e.e.service.UserServiceImpl - Usuario creado con éxito con id 9
2024-11-05 15:33:06 DEBUG [AWT-EventQueue-0] e.e.service.UserServiceImpl - Creando nuevo usuario: User(id=null, username=suu, email=suu, password=suu, createdDate=null, lastLoginDate=null)
2024-11-05 15:33:06 DEBUG [AWT-EventQueue-0] e.e.service.UserServiceImpl - Usuario con email repetido
2024-11-05 15:33:06 ERROR [AWT-EventQueue-0] e.e.service.UserServiceImpl - Error en el registro
ejercicios.ejercicio05.service.DuplicateUserException: Ya existe usuario con el email indicado
	at ejercicios.ejercicio05.service.UserServiceImpl.createUser(UserServiceImpl.java:34)
	at AppControler.App.metodoRegistrar(App.java:116)
	at AppControler.RegisterView$1.actionPerformed(RegisterView.java:92)
	at java.desktop/javax.swing.AbstractButton.fireActionPerformed(AbstractButton.java:1972)
	at java.desktop/javax.swing.AbstractButton$Handler.actionPerformed(AbstractButton.java:2314)
	at java.desktop/javax.swing.DefaultButtonModel.fireActionPerformed(DefaultButtonModel.java:407)
	at java.desktop/javax.swing.DefaultButtonModel.setPressed(DefaultButtonModel.java:262)
	at java.desktop/javax.swing.plaf.basic.BasicButtonListener.mouseReleased(BasicButtonListener.java:279)
	at java.desktop/java.awt.Component.processMouseEvent(Component.java:6621)
	at java.desktop/javax.swing.JComponent.processMouseEvent(JComponent.java:3404)
	at java.desktop/java.awt.Component.processEvent(Component.java:6386)
	at java.desktop/java.awt.Container.processEvent(Container.java:2266)
	at java.desktop/java.awt.Component.dispatchEventImpl(Component.java:4996)
	at java.desktop/java.awt.Container.dispatchEventImpl(Container.java:2324)
	at java.desktop/java.awt.Component.dispatchEvent(Component.java:4828)
	at java.desktop/java.awt.LightweightDispatcher.retargetMouseEvent(Container.java:4948)
	at java.desktop/java.awt.LightweightDispatcher.processMouseEvent(Container.java:4575)
	at java.desktop/java.awt.LightweightDispatcher.dispatchEvent(Container.java:4516)
	at java.desktop/java.awt.Container.dispatchEventImpl(Container.java:2310)
	at java.desktop/java.awt.Window.dispatchEventImpl(Window.java:2780)
	at java.desktop/java.awt.Component.dispatchEvent(Component.java:4828)
	at java.desktop/java.awt.EventQueue.dispatchEventImpl(EventQueue.java:775)
	at java.desktop/java.awt.EventQueue$4.run(EventQueue.java:720)
	at java.desktop/java.awt.EventQueue$4.run(EventQueue.java:714)
	at java.base/java.security.AccessController.doPrivileged(AccessController.java:400)
	at java.base/java.security.ProtectionDomain$JavaSecurityAccessImpl.doIntersectionPrivilege(ProtectionDomain.java:87)
	at java.base/java.security.ProtectionDomain$JavaSecurityAccessImpl.doIntersectionPrivilege(ProtectionDomain.java:98)
	at java.desktop/java.awt.EventQueue$5.run(EventQueue.java:747)
	at java.desktop/java.awt.EventQueue$5.run(EventQueue.java:745)
	at java.base/java.security.AccessController.doPrivileged(AccessController.java:400)
	at java.base/java.security.ProtectionDomain$JavaSecurityAccessImpl.doIntersectionPrivilege(ProtectionDomain.java:87)
	at java.desktop/java.awt.EventQueue.dispatchEvent(EventQueue.java:744)
	at java.desktop/java.awt.EventDispatchThread.pumpOneEventForFilters(EventDispatchThread.java:203)
	at java.desktop/java.awt.EventDispatchThread.pumpEventsForFilter(EventDispatchThread.java:124)
	at java.desktop/java.awt.EventDispatchThread.pumpEventsForHierarchy(EventDispatchThread.java:113)
	at java.desktop/java.awt.EventDispatchThread.pumpEvents(EventDispatchThread.java:109)
	at java.desktop/java.awt.EventDispatchThread.pumpEvents(EventDispatchThread.java:101)
	at java.desktop/java.awt.EventDispatchThread.run(EventDispatchThread.java:90)
2024-11-05 15:33:23 DEBUG [AWT-EventQueue-0] e.e.service.UserServiceImpl - Creando nuevo usuario: User(id=null, username=dal, email=dal, password=dal, createdDate=null, lastLoginDate=null)
2024-11-05 15:33:23 DEBUG [AWT-EventQueue-0] e.e.service.UserServiceImpl - Usuario creado con éxito con id 10
2024-11-05 15:35:07 DEBUG [AWT-EventQueue-0] e.e.service.UserServiceImpl - Creando nuevo usuario: User(id=null, username=w, email=w, password=w, createdDate=null, lastLoginDate=null)
2024-11-05 15:35:07 DEBUG [AWT-EventQueue-0] e.e.service.UserServiceImpl - Usuario creado con éxito con id 11
2024-11-05 15:36:30 DEBUG [AWT-EventQueue-0] e.e.service.UserServiceImpl - Creando nuevo usuario: User(id=null, username=e, email=e, password=e, createdDate=2024-11-05, lastLoginDate=null)
2024-11-05 15:36:30 DEBUG [AWT-EventQueue-0] e.e.service.UserServiceImpl - Usuario creado con éxito con id 12
