2024-12-11 17:56:58 INFO  [main] ceu.dam.ad.tema3.ejercicios.App - Starting App using Java 23 with PID 44196 (C:\Users\jordonez5404\Desktop\mis proyectos new\Mis-proyectos\AccesoDatos-DesarrolloInterfaces\eclipse-workspace\ejercicios-tema3-basicos\target\classes started by jordonez5404 in C:\Users\jordonez5404\Desktop\mis proyectos new\Mis-proyectos\AccesoDatos-DesarrolloInterfaces\eclipse-workspace\ejercicios-tema3-basicos)
2024-12-11 17:56:58 DEBUG [main] ceu.dam.ad.tema3.ejercicios.App - Running with Spring Boot v3.4.0, Spring v6.2.0
2024-12-11 17:56:58 INFO  [main] ceu.dam.ad.tema3.ejercicios.App - No active profile set, falling back to 1 default profile: "default"
2024-12-11 17:56:58 WARN  [main] o.s.c.a.AnnotationConfigApplicationContext - Exception encountered during context initialization - cancelling refresh attempt: org.springframework.beans.factory.UnsatisfiedDependencyException: Error creating bean with name 'testEj1': Unsatisfied dependency expressed through field 'service': No qualifying bean of type 'ceu.dam.ad.tema3.ejercicios.ejercicio01.services.PeliculasService' available: expected at least 1 bean which qualifies as autowire candidate. Dependency annotations: {@org.springframework.beans.factory.annotation.Autowired(required=true)}
2024-12-11 17:56:58 ERROR [main] o.s.b.d.LoggingFailureAnalysisReporter - 

***************************
APPLICATION FAILED TO START
***************************

Description:

Field service in ceu.dam.ad.tema3.ejercicios.ejercicio01.test.TestEj1 required a bean of type 'ceu.dam.ad.tema3.ejercicios.ejercicio01.services.PeliculasService' that could not be found.

The injection point has the following annotations:
	- @org.springframework.beans.factory.annotation.Autowired(required=true)


Action:

Consider defining a bean of type 'ceu.dam.ad.tema3.ejercicios.ejercicio01.services.PeliculasService' in your configuration.

2024-12-11 18:28:18 INFO  [main] ceu.dam.ad.tema3.ejercicios.App - Starting App using Java 23 with PID 4024 (C:\Users\jordonez5404\Desktop\mis proyectos new\Mis-proyectos\AccesoDatos-DesarrolloInterfaces\eclipse-workspace\ejercicios-tema3-basicos\target\classes started by jordonez5404 in C:\Users\jordonez5404\Desktop\mis proyectos new\Mis-proyectos\AccesoDatos-DesarrolloInterfaces\eclipse-workspace\ejercicios-tema3-basicos)
2024-12-11 18:28:18 DEBUG [main] ceu.dam.ad.tema3.ejercicios.App - Running with Spring Boot v3.4.0, Spring v6.2.0
2024-12-11 18:28:18 INFO  [main] ceu.dam.ad.tema3.ejercicios.App - No active profile set, falling back to 1 default profile: "default"
2024-12-11 18:28:18 WARN  [main] o.s.c.a.AnnotationConfigApplicationContext - Exception encountered during context initialization - cancelling refresh attempt: org.springframework.beans.factory.UnsatisfiedDependencyException: Error creating bean with name 'testEj1': Unsatisfied dependency expressed through field 'service': No qualifying bean of type 'ceu.dam.ad.tema3.ejercicios.ejercicio01.services.PeliculasService' available: expected at least 1 bean which qualifies as autowire candidate. Dependency annotations: {@org.springframework.beans.factory.annotation.Autowired(required=true)}
2024-12-11 18:28:18 ERROR [main] o.s.b.d.LoggingFailureAnalysisReporter - 

***************************
APPLICATION FAILED TO START
***************************

Description:

Field service in ceu.dam.ad.tema3.ejercicios.ejercicio01.test.TestEj1 required a bean of type 'ceu.dam.ad.tema3.ejercicios.ejercicio01.services.PeliculasService' that could not be found.

The injection point has the following annotations:
	- @org.springframework.beans.factory.annotation.Autowired(required=true)


Action:

Consider defining a bean of type 'ceu.dam.ad.tema3.ejercicios.ejercicio01.services.PeliculasService' in your configuration.

2024-12-11 18:29:25 INFO  [main] ceu.dam.ad.tema3.ejercicios.App - Starting App using Java 23 with PID 5100 (C:\Users\jordonez5404\Desktop\mis proyectos new\Mis-proyectos\AccesoDatos-DesarrolloInterfaces\eclipse-workspace\ejercicios-tema3-basicos\target\classes started by jordonez5404 in C:\Users\jordonez5404\Desktop\mis proyectos new\Mis-proyectos\AccesoDatos-DesarrolloInterfaces\eclipse-workspace\ejercicios-tema3-basicos)
2024-12-11 18:29:25 DEBUG [main] ceu.dam.ad.tema3.ejercicios.App - Running with Spring Boot v3.4.0, Spring v6.2.0
2024-12-11 18:29:25 INFO  [main] ceu.dam.ad.tema3.ejercicios.App - No active profile set, falling back to 1 default profile: "default"
2024-12-11 18:29:25 WARN  [main] o.s.c.a.AnnotationConfigApplicationContext - Exception encountered during context initialization - cancelling refresh attempt: org.springframework.beans.factory.UnsatisfiedDependencyException: Error creating bean with name 'testEj1': Unsatisfied dependency expressed through field 'service': No qualifying bean of type 'ceu.dam.ad.tema3.ejercicios.ejercicio01.services.PeliculasService' available: expected at least 1 bean which qualifies as autowire candidate. Dependency annotations: {@org.springframework.beans.factory.annotation.Autowired(required=true)}
2024-12-11 18:29:25 ERROR [main] o.s.b.d.LoggingFailureAnalysisReporter - 

***************************
APPLICATION FAILED TO START
***************************

Description:

Field service in ceu.dam.ad.tema3.ejercicios.ejercicio01.test.TestEj1 required a bean of type 'ceu.dam.ad.tema3.ejercicios.ejercicio01.services.PeliculasService' that could not be found.

The injection point has the following annotations:
	- @org.springframework.beans.factory.annotation.Autowired(required=true)


Action:

Consider defining a bean of type 'ceu.dam.ad.tema3.ejercicios.ejercicio01.services.PeliculasService' in your configuration.

2024-12-11 18:33:33 INFO  [main] ceu.dam.ad.tema3.ejercicios.App - Starting App using Java 23 with PID 48316 (C:\Users\jordonez5404\Desktop\mis proyectos new\Mis-proyectos\AccesoDatos-DesarrolloInterfaces\eclipse-workspace\ejercicios-tema3-basicos\target\classes started by jordonez5404 in C:\Users\jordonez5404\Desktop\mis proyectos new\Mis-proyectos\AccesoDatos-DesarrolloInterfaces\eclipse-workspace\ejercicios-tema3-basicos)
2024-12-11 18:33:33 DEBUG [main] ceu.dam.ad.tema3.ejercicios.App - Running with Spring Boot v3.4.0, Spring v6.2.0
2024-12-11 18:33:33 INFO  [main] ceu.dam.ad.tema3.ejercicios.App - No active profile set, falling back to 1 default profile: "default"
2024-12-11 18:33:33 INFO  [main] o.s.d.r.c.RepositoryConfigurationDelegate - Bootstrapping Spring Data JPA repositories in DEFAULT mode.
2024-12-11 18:33:33 INFO  [main] o.s.d.r.c.RepositoryConfigurationDelegate - Finished Spring Data repository scanning in 34 ms. Found 1 JPA repository interface.
2024-12-11 18:33:34 INFO  [main] com.zaxxer.hikari.HikariDataSource - HikariPool-1 - Starting...
2024-12-11 18:33:34 INFO  [main] com.zaxxer.hikari.pool.HikariPool - HikariPool-1 - Added connection org.mariadb.jdbc.Connection@574b7f4a
2024-12-11 18:33:34 INFO  [main] com.zaxxer.hikari.HikariDataSource - HikariPool-1 - Start completed.
2024-12-11 18:33:34 INFO  [main] o.h.jpa.internal.util.LogHelper - HHH000204: Processing PersistenceUnitInfo [name: default]
2024-12-11 18:33:34 INFO  [main] org.hibernate.Version - HHH000412: Hibernate ORM core version 6.6.2.Final
2024-12-11 18:33:34 INFO  [main] o.h.c.i.RegionFactoryInitiator - HHH000026: Second-level cache disabled
2024-12-11 18:33:34 INFO  [main] o.s.o.j.p.SpringPersistenceUnitInfo - No LoadTimeWeaver setup: ignoring JPA class transformer
2024-12-11 18:33:34 INFO  [main] o.hibernate.orm.connections.pooling - HHH10001005: Database info:
	Database JDBC URL [Connecting through datasource 'HikariDataSource (HikariPool-1)']
	Database driver: undefined/unknown
	Database version: 11.5.2
	Autocommit mode: undefined/unknown
	Isolation level: undefined/unknown
	Minimum pool size: undefined/unknown
	Maximum pool size: undefined/unknown
2024-12-11 18:33:34 INFO  [main] o.h.e.t.j.p.i.JtaPlatformInitiator - HHH000489: No JTA platform available (set 'hibernate.transaction.jta.platform' to enable JTA platform integration)
2024-12-11 18:33:34 INFO  [main] o.s.o.j.LocalContainerEntityManagerFactoryBean - Initialized JPA EntityManagerFactory for persistence unit 'default'
2024-12-11 18:33:35 WARN  [main] o.s.c.a.AnnotationConfigApplicationContext - Exception encountered during context initialization - cancelling refresh attempt: org.springframework.beans.factory.UnsatisfiedDependencyException: Error creating bean with name 'peliculasService': Unsatisfied dependency expressed through field 'repository': Error creating bean with name 'peliculasRepository' defined in ceu.dam.ad.tema3.ejercicios.ejercicio01.repository.PeliculasRepository defined in @EnableJpaRepositories declared on JpaRepositoriesRegistrar.EnableJpaRepositoriesConfiguration: Could not create query for public abstract java.util.List ceu.dam.ad.tema3.ejercicios.ejercicio01.repository.PeliculasRepository.findByLongitudIsLessThanLongitud(java.lang.Integer); Reason: Failed to create query for method public abstract java.util.List ceu.dam.ad.tema3.ejercicios.ejercicio01.repository.PeliculasRepository.findByLongitudIsLessThanLongitud(java.lang.Integer); No property 'isLessThanLongitud' found for type 'Integer'; Traversed path: Pelicula.longitud
2024-12-11 18:33:35 INFO  [main] o.s.o.j.LocalContainerEntityManagerFactoryBean - Closing JPA EntityManagerFactory for persistence unit 'default'
2024-12-11 18:33:35 INFO  [main] com.zaxxer.hikari.HikariDataSource - HikariPool-1 - Shutdown initiated...
2024-12-11 18:33:35 INFO  [main] com.zaxxer.hikari.HikariDataSource - HikariPool-1 - Shutdown completed.
2024-12-11 18:33:35 INFO  [main] o.s.b.a.l.ConditionEvaluationReportLogger - 

Error starting ApplicationContext. To display the condition evaluation report re-run your application with 'debug' enabled.
2024-12-11 18:33:35 ERROR [main] o.s.boot.SpringApplication - Application run failed
org.springframework.beans.factory.UnsatisfiedDependencyException: Error creating bean with name 'peliculasService': Unsatisfied dependency expressed through field 'repository': Error creating bean with name 'peliculasRepository' defined in ceu.dam.ad.tema3.ejercicios.ejercicio01.repository.PeliculasRepository defined in @EnableJpaRepositories declared on JpaRepositoriesRegistrar.EnableJpaRepositoriesConfiguration: Could not create query for public abstract java.util.List ceu.dam.ad.tema3.ejercicios.ejercicio01.repository.PeliculasRepository.findByLongitudIsLessThanLongitud(java.lang.Integer); Reason: Failed to create query for method public abstract java.util.List ceu.dam.ad.tema3.ejercicios.ejercicio01.repository.PeliculasRepository.findByLongitudIsLessThanLongitud(java.lang.Integer); No property 'isLessThanLongitud' found for type 'Integer'; Traversed path: Pelicula.longitud
	at org.springframework.beans.factory.annotation.AutowiredAnnotationBeanPostProcessor$AutowiredFieldElement.resolveFieldValue(AutowiredAnnotationBeanPostProcessor.java:788)
	at org.springframework.beans.factory.annotation.AutowiredAnnotationBeanPostProcessor$AutowiredFieldElement.inject(AutowiredAnnotationBeanPostProcessor.java:768)
	at org.springframework.beans.factory.annotation.InjectionMetadata.inject(InjectionMetadata.java:146)
	at org.springframework.beans.factory.annotation.AutowiredAnnotationBeanPostProcessor.postProcessProperties(AutowiredAnnotationBeanPostProcessor.java:509)
	at org.springframework.beans.factory.support.AbstractAutowireCapableBeanFactory.populateBean(AbstractAutowireCapableBeanFactory.java:1435)
	at org.springframework.beans.factory.support.AbstractAutowireCapableBeanFactory.doCreateBean(AbstractAutowireCapableBeanFactory.java:600)
	at org.springframework.beans.factory.support.AbstractAutowireCapableBeanFactory.createBean(AbstractAutowireCapableBeanFactory.java:523)
	at org.springframework.beans.factory.support.AbstractBeanFactory.lambda$doGetBean$0(AbstractBeanFactory.java:336)
	at org.springframework.beans.factory.support.DefaultSingletonBeanRegistry.getSingleton(DefaultSingletonBeanRegistry.java:288)
	at org.springframework.beans.factory.support.AbstractBeanFactory.doGetBean(AbstractBeanFactory.java:334)
	at org.springframework.beans.factory.support.AbstractBeanFactory.getBean(AbstractBeanFactory.java:199)
	at org.springframework.beans.factory.support.DefaultListableBeanFactory.instantiateSingleton(DefaultListableBeanFactory.java:1122)
	at org.springframework.beans.factory.support.DefaultListableBeanFactory.preInstantiateSingleton(DefaultListableBeanFactory.java:1093)
	at org.springframework.beans.factory.support.DefaultListableBeanFactory.preInstantiateSingletons(DefaultListableBeanFactory.java:1030)
	at org.springframework.context.support.AbstractApplicationContext.finishBeanFactoryInitialization(AbstractApplicationContext.java:987)
	at org.springframework.context.support.AbstractApplicationContext.refresh(AbstractApplicationContext.java:627)
	at org.springframework.boot.SpringApplication.refresh(SpringApplication.java:752)
	at org.springframework.boot.SpringApplication.refreshContext(SpringApplication.java:439)
	at org.springframework.boot.SpringApplication.run(SpringApplication.java:318)
	at org.springframework.boot.SpringApplication.run(SpringApplication.java:1361)
	at org.springframework.boot.SpringApplication.run(SpringApplication.java:1350)
	at ceu.dam.ad.tema3.ejercicios.App.main(App.java:14)
Caused by: org.springframework.beans.factory.BeanCreationException: Error creating bean with name 'peliculasRepository' defined in ceu.dam.ad.tema3.ejercicios.ejercicio01.repository.PeliculasRepository defined in @EnableJpaRepositories declared on JpaRepositoriesRegistrar.EnableJpaRepositoriesConfiguration: Could not create query for public abstract java.util.List ceu.dam.ad.tema3.ejercicios.ejercicio01.repository.PeliculasRepository.findByLongitudIsLessThanLongitud(java.lang.Integer); Reason: Failed to create query for method public abstract java.util.List ceu.dam.ad.tema3.ejercicios.ejercicio01.repository.PeliculasRepository.findByLongitudIsLessThanLongitud(java.lang.Integer); No property 'isLessThanLongitud' found for type 'Integer'; Traversed path: Pelicula.longitud
	at org.springframework.beans.factory.support.AbstractAutowireCapableBeanFactory.initializeBean(AbstractAutowireCapableBeanFactory.java:1802)
	at org.springframework.beans.factory.support.AbstractAutowireCapableBeanFactory.doCreateBean(AbstractAutowireCapableBeanFactory.java:601)
	at org.springframework.beans.factory.support.AbstractAutowireCapableBeanFactory.createBean(AbstractAutowireCapableBeanFactory.java:523)
	at org.springframework.beans.factory.support.AbstractBeanFactory.lambda$doGetBean$0(AbstractBeanFactory.java:336)
	at org.springframework.beans.factory.support.DefaultSingletonBeanRegistry.getSingleton(DefaultSingletonBeanRegistry.java:288)
	at org.springframework.beans.factory.support.AbstractBeanFactory.doGetBean(AbstractBeanFactory.java:334)
	at org.springframework.beans.factory.support.AbstractBeanFactory.getBean(AbstractBeanFactory.java:199)
	at org.springframework.beans.factory.config.DependencyDescriptor.resolveCandidate(DependencyDescriptor.java:254)
	at org.springframework.beans.factory.support.DefaultListableBeanFactory.doResolveDependency(DefaultListableBeanFactory.java:1626)
	at org.springframework.beans.factory.support.DefaultListableBeanFactory.resolveDependency(DefaultListableBeanFactory.java:1514)
	at org.springframework.beans.factory.annotation.AutowiredAnnotationBeanPostProcessor$AutowiredFieldElement.resolveFieldValue(AutowiredAnnotationBeanPostProcessor.java:785)
	... 21 common frames omitted
Caused by: org.springframework.data.repository.query.QueryCreationException: Could not create query for public abstract java.util.List ceu.dam.ad.tema3.ejercicios.ejercicio01.repository.PeliculasRepository.findByLongitudIsLessThanLongitud(java.lang.Integer); Reason: Failed to create query for method public abstract java.util.List ceu.dam.ad.tema3.ejercicios.ejercicio01.repository.PeliculasRepository.findByLongitudIsLessThanLongitud(java.lang.Integer); No property 'isLessThanLongitud' found for type 'Integer'; Traversed path: Pelicula.longitud
	at org.springframework.data.repository.query.QueryCreationException.create(QueryCreationException.java:101)
	at org.springframework.data.repository.core.support.QueryExecutorMethodInterceptor.lookupQuery(QueryExecutorMethodInterceptor.java:120)
	at org.springframework.data.repository.core.support.QueryExecutorMethodInterceptor.mapMethodsToQuery(QueryExecutorMethodInterceptor.java:104)
	at org.springframework.data.repository.core.support.QueryExecutorMethodInterceptor.lambda$new$0(QueryExecutorMethodInterceptor.java:92)
	at java.base/java.util.Optional.map(Optional.java:260)
	at org.springframework.data.repository.core.support.QueryExecutorMethodInterceptor.<init>(QueryExecutorMethodInterceptor.java:92)
	at org.springframework.data.repository.core.support.RepositoryFactorySupport.getRepository(RepositoryFactorySupport.java:440)
	at org.springframework.data.repository.core.support.RepositoryFactoryBeanSupport.lambda$afterPropertiesSet$4(RepositoryFactoryBeanSupport.java:350)
	at org.springframework.data.util.Lazy.getNullable(Lazy.java:135)
	at org.springframework.data.util.Lazy.get(Lazy.java:113)
	at org.springframework.data.repository.core.support.RepositoryFactoryBeanSupport.afterPropertiesSet(RepositoryFactoryBeanSupport.java:356)
	at org.springframework.data.jpa.repository.support.JpaRepositoryFactoryBean.afterPropertiesSet(JpaRepositoryFactoryBean.java:132)
	at org.springframework.beans.factory.support.AbstractAutowireCapableBeanFactory.invokeInitMethods(AbstractAutowireCapableBeanFactory.java:1849)
	at org.springframework.beans.factory.support.AbstractAutowireCapableBeanFactory.initializeBean(AbstractAutowireCapableBeanFactory.java:1798)
	... 31 common frames omitted
Caused by: java.lang.IllegalArgumentException: Failed to create query for method public abstract java.util.List ceu.dam.ad.tema3.ejercicios.ejercicio01.repository.PeliculasRepository.findByLongitudIsLessThanLongitud(java.lang.Integer); No property 'isLessThanLongitud' found for type 'Integer'; Traversed path: Pelicula.longitud
	at org.springframework.data.jpa.repository.query.PartTreeJpaQuery.<init>(PartTreeJpaQuery.java:107)
	at org.springframework.data.jpa.repository.query.JpaQueryLookupStrategy$CreateQueryLookupStrategy.resolveQuery(JpaQueryLookupStrategy.java:128)
	at org.springframework.data.jpa.repository.query.JpaQueryLookupStrategy$CreateIfNotFoundQueryLookupStrategy.resolveQuery(JpaQueryLookupStrategy.java:262)
	at org.springframework.data.jpa.repository.query.JpaQueryLookupStrategy$AbstractQueryLookupStrategy.resolveQuery(JpaQueryLookupStrategy.java:99)
	at org.springframework.data.repository.core.support.QueryExecutorMethodInterceptor.lookupQuery(QueryExecutorMethodInterceptor.java:116)
	... 43 common frames omitted
Caused by: org.springframework.data.mapping.PropertyReferenceException: No property 'isLessThanLongitud' found for type 'Integer'; Traversed path: Pelicula.longitud
	at org.springframework.data.mapping.PropertyPath.<init>(PropertyPath.java:94)
	at org.springframework.data.mapping.PropertyPath.create(PropertyPath.java:455)
	at org.springframework.data.mapping.PropertyPath.create(PropertyPath.java:431)
	at org.springframework.data.mapping.PropertyPath.create(PropertyPath.java:465)
	at org.springframework.data.mapping.PropertyPath.create(PropertyPath.java:488)
	at org.springframework.data.mapping.PropertyPath.create(PropertyPath.java:488)
	at org.springframework.data.mapping.PropertyPath.create(PropertyPath.java:488)
	at org.springframework.data.mapping.PropertyPath.create(PropertyPath.java:488)
	at org.springframework.data.mapping.PropertyPath.create(PropertyPath.java:431)
	at org.springframework.data.mapping.PropertyPath.lambda$from$0(PropertyPath.java:384)
	at java.base/java.util.concurrent.ConcurrentMap.computeIfAbsent(ConcurrentMap.java:330)
	at org.springframework.data.mapping.PropertyPath.from(PropertyPath.java:366)
	at org.springframework.data.mapping.PropertyPath.from(PropertyPath.java:344)
	at org.springframework.data.repository.query.parser.Part.<init>(Part.java:81)
	at org.springframework.data.repository.query.parser.PartTree$OrPart.lambda$new$0(PartTree.java:259)
	at java.base/java.util.stream.ReferencePipeline$3$1.accept(ReferencePipeline.java:215)
	at java.base/java.util.stream.ReferencePipeline$2$1.accept(ReferencePipeline.java:197)
	at java.base/java.util.Spliterators$ArraySpliterator.forEachRemaining(Spliterators.java:1024)
	at java.base/java.util.stream.AbstractPipeline.copyInto(AbstractPipeline.java:570)
	at java.base/java.util.stream.AbstractPipeline.wrapAndCopyInto(AbstractPipeline.java:560)
	at java.base/java.util.stream.ReduceOps$ReduceOp.evaluateSequential(ReduceOps.java:921)
	at java.base/java.util.stream.AbstractPipeline.evaluate(AbstractPipeline.java:265)
	at java.base/java.util.stream.ReferencePipeline.collect(ReferencePipeline.java:727)
	at org.springframework.data.repository.query.parser.PartTree$OrPart.<init>(PartTree.java:260)
	at org.springframework.data.repository.query.parser.PartTree$Predicate.lambda$new$0(PartTree.java:389)
	at java.base/java.util.stream.ReferencePipeline$3$1.accept(ReferencePipeline.java:215)
	at java.base/java.util.stream.ReferencePipeline$2$1.accept(ReferencePipeline.java:197)
	at java.base/java.util.Spliterators$ArraySpliterator.forEachRemaining(Spliterators.java:1024)
	at java.base/java.util.stream.AbstractPipeline.copyInto(AbstractPipeline.java:570)
	at java.base/java.util.stream.AbstractPipeline.wrapAndCopyInto(AbstractPipeline.java:560)
	at java.base/java.util.stream.ReduceOps$ReduceOp.evaluateSequential(ReduceOps.java:921)
	at java.base/java.util.stream.AbstractPipeline.evaluate(AbstractPipeline.java:265)
	at java.base/java.util.stream.ReferencePipeline.collect(ReferencePipeline.java:727)
	at org.springframework.data.repository.query.parser.PartTree$Predicate.<init>(PartTree.java:390)
	at org.springframework.data.repository.query.parser.PartTree.<init>(PartTree.java:103)
	at org.springframework.data.jpa.repository.query.PartTreeJpaQuery.<init>(PartTreeJpaQuery.java:101)
	... 47 common frames omitted
2024-12-11 18:35:00 INFO  [main] ceu.dam.ad.tema3.ejercicios.App - Starting App using Java 23 with PID 32680 (C:\Users\jordonez5404\Desktop\mis proyectos new\Mis-proyectos\AccesoDatos-DesarrolloInterfaces\eclipse-workspace\ejercicios-tema3-basicos\target\classes started by jordonez5404 in C:\Users\jordonez5404\Desktop\mis proyectos new\Mis-proyectos\AccesoDatos-DesarrolloInterfaces\eclipse-workspace\ejercicios-tema3-basicos)
2024-12-11 18:35:00 DEBUG [main] ceu.dam.ad.tema3.ejercicios.App - Running with Spring Boot v3.4.0, Spring v6.2.0
2024-12-11 18:35:00 INFO  [main] ceu.dam.ad.tema3.ejercicios.App - No active profile set, falling back to 1 default profile: "default"
2024-12-11 18:35:00 INFO  [main] o.s.d.r.c.RepositoryConfigurationDelegate - Bootstrapping Spring Data JPA repositories in DEFAULT mode.
2024-12-11 18:35:00 INFO  [main] o.s.d.r.c.RepositoryConfigurationDelegate - Finished Spring Data repository scanning in 33 ms. Found 1 JPA repository interface.
2024-12-11 18:35:00 INFO  [main] com.zaxxer.hikari.HikariDataSource - HikariPool-1 - Starting...
2024-12-11 18:35:00 INFO  [main] com.zaxxer.hikari.pool.HikariPool - HikariPool-1 - Added connection org.mariadb.jdbc.Connection@574b7f4a
2024-12-11 18:35:00 INFO  [main] com.zaxxer.hikari.HikariDataSource - HikariPool-1 - Start completed.
2024-12-11 18:35:00 INFO  [main] o.h.jpa.internal.util.LogHelper - HHH000204: Processing PersistenceUnitInfo [name: default]
2024-12-11 18:35:00 INFO  [main] org.hibernate.Version - HHH000412: Hibernate ORM core version 6.6.2.Final
2024-12-11 18:35:00 INFO  [main] o.h.c.i.RegionFactoryInitiator - HHH000026: Second-level cache disabled
2024-12-11 18:35:00 INFO  [main] o.s.o.j.p.SpringPersistenceUnitInfo - No LoadTimeWeaver setup: ignoring JPA class transformer
2024-12-11 18:35:00 INFO  [main] o.hibernate.orm.connections.pooling - HHH10001005: Database info:
	Database JDBC URL [Connecting through datasource 'HikariDataSource (HikariPool-1)']
	Database driver: undefined/unknown
	Database version: 11.5.2
	Autocommit mode: undefined/unknown
	Isolation level: undefined/unknown
	Minimum pool size: undefined/unknown
	Maximum pool size: undefined/unknown
2024-12-11 18:35:01 INFO  [main] o.h.e.t.j.p.i.JtaPlatformInitiator - HHH000489: No JTA platform available (set 'hibernate.transaction.jta.platform' to enable JTA platform integration)
2024-12-11 18:35:01 INFO  [main] o.s.o.j.LocalContainerEntityManagerFactoryBean - Initialized JPA EntityManagerFactory for persistence unit 'default'
2024-12-11 18:35:01 WARN  [main] o.s.c.a.AnnotationConfigApplicationContext - Exception encountered during context initialization - cancelling refresh attempt: org.springframework.beans.factory.UnsatisfiedDependencyException: Error creating bean with name 'peliculasService': Unsatisfied dependency expressed through field 'repository': Error creating bean with name 'peliculasRepository' defined in ceu.dam.ad.tema3.ejercicios.ejercicio01.repository.PeliculasRepository defined in @EnableJpaRepositories declared on JpaRepositoriesRegistrar.EnableJpaRepositoriesConfiguration: Could not create query for public abstract java.util.List ceu.dam.ad.tema3.ejercicios.ejercicio01.repository.PeliculasRepository.findByNombreContainingOrLongitudContaining(java.lang.String,java.lang.Integer); Reason: Failed to create query for method public abstract java.util.List ceu.dam.ad.tema3.ejercicios.ejercicio01.repository.PeliculasRepository.findByNombreContainingOrLongitudContaining(java.lang.String,java.lang.Integer); Operand of 'like' is of type 'java.lang.Integer' which is not a string (its JDBC type code is not string-like)
2024-12-11 18:35:01 INFO  [main] o.s.o.j.LocalContainerEntityManagerFactoryBean - Closing JPA EntityManagerFactory for persistence unit 'default'
2024-12-11 18:35:01 INFO  [main] com.zaxxer.hikari.HikariDataSource - HikariPool-1 - Shutdown initiated...
2024-12-11 18:35:01 INFO  [main] com.zaxxer.hikari.HikariDataSource - HikariPool-1 - Shutdown completed.
2024-12-11 18:35:01 INFO  [main] o.s.b.a.l.ConditionEvaluationReportLogger - 

Error starting ApplicationContext. To display the condition evaluation report re-run your application with 'debug' enabled.
2024-12-11 18:35:01 ERROR [main] o.s.boot.SpringApplication - Application run failed
org.springframework.beans.factory.UnsatisfiedDependencyException: Error creating bean with name 'peliculasService': Unsatisfied dependency expressed through field 'repository': Error creating bean with name 'peliculasRepository' defined in ceu.dam.ad.tema3.ejercicios.ejercicio01.repository.PeliculasRepository defined in @EnableJpaRepositories declared on JpaRepositoriesRegistrar.EnableJpaRepositoriesConfiguration: Could not create query for public abstract java.util.List ceu.dam.ad.tema3.ejercicios.ejercicio01.repository.PeliculasRepository.findByNombreContainingOrLongitudContaining(java.lang.String,java.lang.Integer); Reason: Failed to create query for method public abstract java.util.List ceu.dam.ad.tema3.ejercicios.ejercicio01.repository.PeliculasRepository.findByNombreContainingOrLongitudContaining(java.lang.String,java.lang.Integer); Operand of 'like' is of type 'java.lang.Integer' which is not a string (its JDBC type code is not string-like)
	at org.springframework.beans.factory.annotation.AutowiredAnnotationBeanPostProcessor$AutowiredFieldElement.resolveFieldValue(AutowiredAnnotationBeanPostProcessor.java:788)
	at org.springframework.beans.factory.annotation.AutowiredAnnotationBeanPostProcessor$AutowiredFieldElement.inject(AutowiredAnnotationBeanPostProcessor.java:768)
	at org.springframework.beans.factory.annotation.InjectionMetadata.inject(InjectionMetadata.java:146)
	at org.springframework.beans.factory.annotation.AutowiredAnnotationBeanPostProcessor.postProcessProperties(AutowiredAnnotationBeanPostProcessor.java:509)
	at org.springframework.beans.factory.support.AbstractAutowireCapableBeanFactory.populateBean(AbstractAutowireCapableBeanFactory.java:1435)
	at org.springframework.beans.factory.support.AbstractAutowireCapableBeanFactory.doCreateBean(AbstractAutowireCapableBeanFactory.java:600)
	at org.springframework.beans.factory.support.AbstractAutowireCapableBeanFactory.createBean(AbstractAutowireCapableBeanFactory.java:523)
	at org.springframework.beans.factory.support.AbstractBeanFactory.lambda$doGetBean$0(AbstractBeanFactory.java:336)
	at org.springframework.beans.factory.support.DefaultSingletonBeanRegistry.getSingleton(DefaultSingletonBeanRegistry.java:288)
	at org.springframework.beans.factory.support.AbstractBeanFactory.doGetBean(AbstractBeanFactory.java:334)
	at org.springframework.beans.factory.support.AbstractBeanFactory.getBean(AbstractBeanFactory.java:199)
	at org.springframework.beans.factory.support.DefaultListableBeanFactory.instantiateSingleton(DefaultListableBeanFactory.java:1122)
	at org.springframework.beans.factory.support.DefaultListableBeanFactory.preInstantiateSingleton(DefaultListableBeanFactory.java:1093)
	at org.springframework.beans.factory.support.DefaultListableBeanFactory.preInstantiateSingletons(DefaultListableBeanFactory.java:1030)
	at org.springframework.context.support.AbstractApplicationContext.finishBeanFactoryInitialization(AbstractApplicationContext.java:987)
	at org.springframework.context.support.AbstractApplicationContext.refresh(AbstractApplicationContext.java:627)
	at org.springframework.boot.SpringApplication.refresh(SpringApplication.java:752)
	at org.springframework.boot.SpringApplication.refreshContext(SpringApplication.java:439)
	at org.springframework.boot.SpringApplication.run(SpringApplication.java:318)
	at org.springframework.boot.SpringApplication.run(SpringApplication.java:1361)
	at org.springframework.boot.SpringApplication.run(SpringApplication.java:1350)
	at ceu.dam.ad.tema3.ejercicios.App.main(App.java:14)
Caused by: org.springframework.beans.factory.BeanCreationException: Error creating bean with name 'peliculasRepository' defined in ceu.dam.ad.tema3.ejercicios.ejercicio01.repository.PeliculasRepository defined in @EnableJpaRepositories declared on JpaRepositoriesRegistrar.EnableJpaRepositoriesConfiguration: Could not create query for public abstract java.util.List ceu.dam.ad.tema3.ejercicios.ejercicio01.repository.PeliculasRepository.findByNombreContainingOrLongitudContaining(java.lang.String,java.lang.Integer); Reason: Failed to create query for method public abstract java.util.List ceu.dam.ad.tema3.ejercicios.ejercicio01.repository.PeliculasRepository.findByNombreContainingOrLongitudContaining(java.lang.String,java.lang.Integer); Operand of 'like' is of type 'java.lang.Integer' which is not a string (its JDBC type code is not string-like)
	at org.springframework.beans.factory.support.AbstractAutowireCapableBeanFactory.initializeBean(AbstractAutowireCapableBeanFactory.java:1802)
	at org.springframework.beans.factory.support.AbstractAutowireCapableBeanFactory.doCreateBean(AbstractAutowireCapableBeanFactory.java:601)
	at org.springframework.beans.factory.support.AbstractAutowireCapableBeanFactory.createBean(AbstractAutowireCapableBeanFactory.java:523)
	at org.springframework.beans.factory.support.AbstractBeanFactory.lambda$doGetBean$0(AbstractBeanFactory.java:336)
	at org.springframework.beans.factory.support.DefaultSingletonBeanRegistry.getSingleton(DefaultSingletonBeanRegistry.java:288)
	at org.springframework.beans.factory.support.AbstractBeanFactory.doGetBean(AbstractBeanFactory.java:334)
	at org.springframework.beans.factory.support.AbstractBeanFactory.getBean(AbstractBeanFactory.java:199)
	at org.springframework.beans.factory.config.DependencyDescriptor.resolveCandidate(DependencyDescriptor.java:254)
	at org.springframework.beans.factory.support.DefaultListableBeanFactory.doResolveDependency(DefaultListableBeanFactory.java:1626)
	at org.springframework.beans.factory.support.DefaultListableBeanFactory.resolveDependency(DefaultListableBeanFactory.java:1514)
	at org.springframework.beans.factory.annotation.AutowiredAnnotationBeanPostProcessor$AutowiredFieldElement.resolveFieldValue(AutowiredAnnotationBeanPostProcessor.java:785)
	... 21 common frames omitted
Caused by: org.springframework.data.repository.query.QueryCreationException: Could not create query for public abstract java.util.List ceu.dam.ad.tema3.ejercicios.ejercicio01.repository.PeliculasRepository.findByNombreContainingOrLongitudContaining(java.lang.String,java.lang.Integer); Reason: Failed to create query for method public abstract java.util.List ceu.dam.ad.tema3.ejercicios.ejercicio01.repository.PeliculasRepository.findByNombreContainingOrLongitudContaining(java.lang.String,java.lang.Integer); Operand of 'like' is of type 'java.lang.Integer' which is not a string (its JDBC type code is not string-like)
	at org.springframework.data.repository.query.QueryCreationException.create(QueryCreationException.java:101)
	at org.springframework.data.repository.core.support.QueryExecutorMethodInterceptor.lookupQuery(QueryExecutorMethodInterceptor.java:120)
	at org.springframework.data.repository.core.support.QueryExecutorMethodInterceptor.mapMethodsToQuery(QueryExecutorMethodInterceptor.java:104)
	at org.springframework.data.repository.core.support.QueryExecutorMethodInterceptor.lambda$new$0(QueryExecutorMethodInterceptor.java:92)
	at java.base/java.util.Optional.map(Optional.java:260)
	at org.springframework.data.repository.core.support.QueryExecutorMethodInterceptor.<init>(QueryExecutorMethodInterceptor.java:92)
	at org.springframework.data.repository.core.support.RepositoryFactorySupport.getRepository(RepositoryFactorySupport.java:440)
	at org.springframework.data.repository.core.support.RepositoryFactoryBeanSupport.lambda$afterPropertiesSet$4(RepositoryFactoryBeanSupport.java:350)
	at org.springframework.data.util.Lazy.getNullable(Lazy.java:135)
	at org.springframework.data.util.Lazy.get(Lazy.java:113)
	at org.springframework.data.repository.core.support.RepositoryFactoryBeanSupport.afterPropertiesSet(RepositoryFactoryBeanSupport.java:356)
	at org.springframework.data.jpa.repository.support.JpaRepositoryFactoryBean.afterPropertiesSet(JpaRepositoryFactoryBean.java:132)
	at org.springframework.beans.factory.support.AbstractAutowireCapableBeanFactory.invokeInitMethods(AbstractAutowireCapableBeanFactory.java:1849)
	at org.springframework.beans.factory.support.AbstractAutowireCapableBeanFactory.initializeBean(AbstractAutowireCapableBeanFactory.java:1798)
	... 31 common frames omitted
Caused by: java.lang.IllegalArgumentException: Failed to create query for method public abstract java.util.List ceu.dam.ad.tema3.ejercicios.ejercicio01.repository.PeliculasRepository.findByNombreContainingOrLongitudContaining(java.lang.String,java.lang.Integer); Operand of 'like' is of type 'java.lang.Integer' which is not a string (its JDBC type code is not string-like)
	at org.springframework.data.jpa.repository.query.PartTreeJpaQuery.<init>(PartTreeJpaQuery.java:107)
	at org.springframework.data.jpa.repository.query.JpaQueryLookupStrategy$CreateQueryLookupStrategy.resolveQuery(JpaQueryLookupStrategy.java:128)
	at org.springframework.data.jpa.repository.query.JpaQueryLookupStrategy$CreateIfNotFoundQueryLookupStrategy.resolveQuery(JpaQueryLookupStrategy.java:262)
	at org.springframework.data.jpa.repository.query.JpaQueryLookupStrategy$AbstractQueryLookupStrategy.resolveQuery(JpaQueryLookupStrategy.java:99)
	at org.springframework.data.repository.core.support.QueryExecutorMethodInterceptor.lookupQuery(QueryExecutorMethodInterceptor.java:116)
	... 43 common frames omitted
Caused by: org.hibernate.query.SemanticException: Operand of 'like' is of type 'java.lang.Integer' which is not a string (its JDBC type code is not string-like)
	at org.hibernate.query.sqm.internal.TypecheckUtil.assertString(TypecheckUtil.java:561)
	at org.hibernate.query.sqm.tree.predicate.SqmLikePredicate.<init>(SqmLikePredicate.java:61)
	at org.hibernate.query.sqm.tree.predicate.SqmLikePredicate.<init>(SqmLikePredicate.java:41)
	at org.hibernate.query.sqm.tree.predicate.SqmLikePredicate.<init>(SqmLikePredicate.java:32)
	at org.hibernate.query.sqm.internal.SqmCriteriaNodeBuilder.like(SqmCriteriaNodeBuilder.java:2480)
	at org.hibernate.query.sqm.internal.SqmCriteriaNodeBuilder.like(SqmCriteriaNodeBuilder.java:192)
	at org.springframework.data.jpa.repository.query.JpaQueryCreator$PredicateBuilder.build(JpaQueryCreator.java:300)
	at org.springframework.data.jpa.repository.query.JpaQueryCreator.toPredicate(JpaQueryCreator.java:210)
	at org.springframework.data.jpa.repository.query.JpaQueryCreator.create(JpaQueryCreator.java:121)
	at org.springframework.data.jpa.repository.query.JpaQueryCreator.create(JpaQueryCreator.java:1)
	at org.springframework.data.repository.query.parser.AbstractQueryCreator.createCriteria(AbstractQueryCreator.java:119)
	at org.springframework.data.repository.query.parser.AbstractQueryCreator.createQuery(AbstractQueryCreator.java:95)
	at org.springframework.data.repository.query.parser.AbstractQueryCreator.createQuery(AbstractQueryCreator.java:81)
	at org.springframework.data.jpa.repository.query.PartTreeJpaQuery$QueryPreparer.<init>(PartTreeJpaQuery.java:224)
	at org.springframework.data.jpa.repository.query.PartTreeJpaQuery$CountQueryPreparer.<init>(PartTreeJpaQuery.java:370)
	at org.springframework.data.jpa.repository.query.PartTreeJpaQuery.<init>(PartTreeJpaQuery.java:103)
	... 47 common frames omitted
2024-12-11 18:35:24 INFO  [main] ceu.dam.ad.tema3.ejercicios.App - Starting App using Java 23 with PID 20552 (C:\Users\jordonez5404\Desktop\mis proyectos new\Mis-proyectos\AccesoDatos-DesarrolloInterfaces\eclipse-workspace\ejercicios-tema3-basicos\target\classes started by jordonez5404 in C:\Users\jordonez5404\Desktop\mis proyectos new\Mis-proyectos\AccesoDatos-DesarrolloInterfaces\eclipse-workspace\ejercicios-tema3-basicos)
2024-12-11 18:35:24 DEBUG [main] ceu.dam.ad.tema3.ejercicios.App - Running with Spring Boot v3.4.0, Spring v6.2.0
2024-12-11 18:35:24 INFO  [main] ceu.dam.ad.tema3.ejercicios.App - No active profile set, falling back to 1 default profile: "default"
2024-12-11 18:35:24 INFO  [main] o.s.d.r.c.RepositoryConfigurationDelegate - Bootstrapping Spring Data JPA repositories in DEFAULT mode.
2024-12-11 18:35:24 INFO  [main] o.s.d.r.c.RepositoryConfigurationDelegate - Finished Spring Data repository scanning in 34 ms. Found 1 JPA repository interface.
2024-12-11 18:35:25 INFO  [main] com.zaxxer.hikari.HikariDataSource - HikariPool-1 - Starting...
2024-12-11 18:35:25 INFO  [main] com.zaxxer.hikari.pool.HikariPool - HikariPool-1 - Added connection org.mariadb.jdbc.Connection@1fdca564
2024-12-11 18:35:25 INFO  [main] com.zaxxer.hikari.HikariDataSource - HikariPool-1 - Start completed.
2024-12-11 18:35:25 INFO  [main] o.h.jpa.internal.util.LogHelper - HHH000204: Processing PersistenceUnitInfo [name: default]
2024-12-11 18:35:25 INFO  [main] org.hibernate.Version - HHH000412: Hibernate ORM core version 6.6.2.Final
2024-12-11 18:35:25 INFO  [main] o.h.c.i.RegionFactoryInitiator - HHH000026: Second-level cache disabled
2024-12-11 18:35:25 INFO  [main] o.s.o.j.p.SpringPersistenceUnitInfo - No LoadTimeWeaver setup: ignoring JPA class transformer
2024-12-11 18:35:25 INFO  [main] o.hibernate.orm.connections.pooling - HHH10001005: Database info:
	Database JDBC URL [Connecting through datasource 'HikariDataSource (HikariPool-1)']
	Database driver: undefined/unknown
	Database version: 11.5.2
	Autocommit mode: undefined/unknown
	Isolation level: undefined/unknown
	Minimum pool size: undefined/unknown
	Maximum pool size: undefined/unknown
2024-12-11 18:35:25 INFO  [main] o.h.e.t.j.p.i.JtaPlatformInitiator - HHH000489: No JTA platform available (set 'hibernate.transaction.jta.platform' to enable JTA platform integration)
2024-12-11 18:35:25 INFO  [main] o.s.o.j.LocalContainerEntityManagerFactoryBean - Initialized JPA EntityManagerFactory for persistence unit 'default'
2024-12-11 18:35:25 INFO  [main] ceu.dam.ad.tema3.ejercicios.App - Started App in 1.61 seconds (process running for 2.073)
2024-12-11 18:35:25 INFO  [main] c.d.a.t.e.e.s.PeliculasService - Consultado peliculas menores de la longitud dada
2024-12-11 18:35:26 WARN  [main] o.m.jdbc.message.server.ErrorPacket - Error: 1146-42S02: Table 'sakila.pelicula' doesn't exist
2024-12-11 18:35:26 WARN  [main] o.h.e.jdbc.spi.SqlExceptionHelper - SQL Error: 1146, SQLState: 42S02
2024-12-11 18:35:26 ERROR [main] o.h.e.jdbc.spi.SqlExceptionHelper - (conn=211) Table 'sakila.pelicula' doesn't exist
2024-12-11 18:35:26 ERROR [main] c.d.a.t.e.e.s.PeliculasService - Error consultando peliculasorg.springframework.dao.InvalidDataAccessResourceUsageException: JDBC exception executing SQL [select p1_0.film_id,p1_0.longitud,p1_0.nombre from pelicula p1_0 where p1_0.longitud<?] [(conn=211) Table 'sakila.pelicula' doesn't exist] [n/a]; SQL [n/a]
2024-12-11 18:35:26 INFO  [SpringApplicationShutdownHook] o.s.o.j.LocalContainerEntityManagerFactoryBean - Closing JPA EntityManagerFactory for persistence unit 'default'
2024-12-11 18:35:26 INFO  [SpringApplicationShutdownHook] com.zaxxer.hikari.HikariDataSource - HikariPool-1 - Shutdown initiated...
2024-12-11 18:35:26 INFO  [SpringApplicationShutdownHook] com.zaxxer.hikari.HikariDataSource - HikariPool-1 - Shutdown completed.
2024-12-11 18:37:40 INFO  [main] ceu.dam.ad.tema3.ejercicios.App - Starting App using Java 23 with PID 49148 (C:\Users\jordonez5404\Desktop\mis proyectos new\Mis-proyectos\AccesoDatos-DesarrolloInterfaces\eclipse-workspace\ejercicios-tema3-basicos\target\classes started by jordonez5404 in C:\Users\jordonez5404\Desktop\mis proyectos new\Mis-proyectos\AccesoDatos-DesarrolloInterfaces\eclipse-workspace\ejercicios-tema3-basicos)
2024-12-11 18:37:40 DEBUG [main] ceu.dam.ad.tema3.ejercicios.App - Running with Spring Boot v3.4.0, Spring v6.2.0
2024-12-11 18:37:40 INFO  [main] ceu.dam.ad.tema3.ejercicios.App - No active profile set, falling back to 1 default profile: "default"
2024-12-11 18:37:41 INFO  [main] o.s.d.r.c.RepositoryConfigurationDelegate - Bootstrapping Spring Data JPA repositories in DEFAULT mode.
2024-12-11 18:37:41 INFO  [main] o.s.d.r.c.RepositoryConfigurationDelegate - Finished Spring Data repository scanning in 34 ms. Found 1 JPA repository interface.
2024-12-11 18:37:41 INFO  [main] com.zaxxer.hikari.HikariDataSource - HikariPool-1 - Starting...
2024-12-11 18:37:41 INFO  [main] com.zaxxer.hikari.pool.HikariPool - HikariPool-1 - Added connection org.mariadb.jdbc.Connection@44065156
2024-12-11 18:37:41 INFO  [main] com.zaxxer.hikari.HikariDataSource - HikariPool-1 - Start completed.
2024-12-11 18:37:41 INFO  [main] o.h.jpa.internal.util.LogHelper - HHH000204: Processing PersistenceUnitInfo [name: default]
2024-12-11 18:37:41 INFO  [main] org.hibernate.Version - HHH000412: Hibernate ORM core version 6.6.2.Final
2024-12-11 18:37:41 INFO  [main] o.h.c.i.RegionFactoryInitiator - HHH000026: Second-level cache disabled
2024-12-11 18:37:41 INFO  [main] o.s.o.j.p.SpringPersistenceUnitInfo - No LoadTimeWeaver setup: ignoring JPA class transformer
2024-12-11 18:37:41 INFO  [main] o.hibernate.orm.connections.pooling - HHH10001005: Database info:
	Database JDBC URL [Connecting through datasource 'HikariDataSource (HikariPool-1)']
	Database driver: undefined/unknown
	Database version: 11.5.2
	Autocommit mode: undefined/unknown
	Isolation level: undefined/unknown
	Minimum pool size: undefined/unknown
	Maximum pool size: undefined/unknown
2024-12-11 18:37:41 INFO  [main] o.h.e.t.j.p.i.JtaPlatformInitiator - HHH000489: No JTA platform available (set 'hibernate.transaction.jta.platform' to enable JTA platform integration)
2024-12-11 18:37:41 INFO  [main] o.s.o.j.LocalContainerEntityManagerFactoryBean - Initialized JPA EntityManagerFactory for persistence unit 'default'
2024-12-11 18:37:42 INFO  [main] ceu.dam.ad.tema3.ejercicios.App - Started App in 1.599 seconds (process running for 2.178)
2024-12-11 18:37:42 INFO  [main] c.d.a.t.e.e.s.PeliculasService - Consultado peliculas menores de la longitud dada
2024-12-11 18:37:42 INFO  [SpringApplicationShutdownHook] o.s.o.j.LocalContainerEntityManagerFactoryBean - Closing JPA EntityManagerFactory for persistence unit 'default'
2024-12-11 18:37:42 INFO  [SpringApplicationShutdownHook] com.zaxxer.hikari.HikariDataSource - HikariPool-1 - Shutdown initiated...
2024-12-11 18:37:42 INFO  [SpringApplicationShutdownHook] com.zaxxer.hikari.HikariDataSource - HikariPool-1 - Shutdown completed.
